<?xml version="1.0" encoding="UTF-8"?>
<testng-results skipped="1" failed="1" ignored="0" total="5" passed="3">
  <reporter-output>
  </reporter-output>
  <suite name="Suite" duration-ms="116" started-at="2021-03-24T06:57:48Z" finished-at="2021-03-24T06:57:48Z">
    <groups>
    </groups>
    <test name="Test" duration-ms="116" started-at="2021-03-24T06:57:48Z" finished-at="2021-03-24T06:57:48Z">
      <class name="com.testPackage_1.TestClass_1_P1">
        <test-method status="FAIL" signature="show()[pri:0, instance:com.testPackage_1.TestClass_1_P1@5d5eef3d]" name="show" duration-ms="31" started-at="2021-03-24T06:57:48Z" finished-at="2021-03-24T06:57:48Z">
          <exception class="org.testng.internal.thread.ThreadTimeoutException">
            <message>
              <![CDATA[Method com.testPackage_1.TestClass_1_P1.show() didn't finish within the time-out 2]]>
            </message>
            <full-stacktrace>
              <![CDATA[org.testng.internal.thread.ThreadTimeoutException: Method com.testPackage_1.TestClass_1_P1.show() didn't finish within the time-out 2
at java.util.concurrent.ThreadPoolExecutor.runWorker(ThreadPoolExecutor.java:1167)
at java.util.concurrent.ThreadPoolExecutor$Worker.run(ThreadPoolExecutor.java:624)
at java.lang.Thread.run(Thread.java:748)
]]>
            </full-stacktrace>
          </exception> <!-- org.testng.internal.thread.ThreadTimeoutException -->
          <reporter-output>
          </reporter-output>
        </test-method> <!-- show -->
        <test-method status="SKIP" signature="view()[pri:0, instance:com.testPackage_1.TestClass_1_P1@5d5eef3d]" name="view" duration-ms="0" started-at="2021-03-24T06:57:48Z" depends-on-methods="com.testPackage_1.TestClass_1_P1.show" finished-at="2021-03-24T06:57:48Z">
          <exception class="java.lang.Throwable">
            <message>
              <![CDATA[Method TestClass_1_P1.view()[pri:0, instance:com.testPackage_1.TestClass_1_P1@5d5eef3d] depends on not successfully finished methods]]>
            </message>
            <full-stacktrace>
              <![CDATA[java.lang.Throwable: Method TestClass_1_P1.view()[pri:0, instance:com.testPackage_1.TestClass_1_P1@5d5eef3d] depends on not successfully finished methods
at org.testng.internal.Invoker.invokeTestMethods(Invoker.java:888)
at org.testng.internal.TestMethodWorker.invokeTestMethods(TestMethodWorker.java:125)
at org.testng.internal.TestMethodWorker.run(TestMethodWorker.java:109)
at org.testng.TestRunner.privateRun(TestRunner.java:648)
at org.testng.TestRunner.run(TestRunner.java:505)
at org.testng.SuiteRunner.runTest(SuiteRunner.java:455)
at org.testng.SuiteRunner.runSequentially(SuiteRunner.java:450)
at org.testng.SuiteRunner.privateRun(SuiteRunner.java:415)
at org.testng.SuiteRunner.run(SuiteRunner.java:364)
at org.testng.SuiteRunnerWorker.runSuite(SuiteRunnerWorker.java:52)
at org.testng.SuiteRunnerWorker.run(SuiteRunnerWorker.java:84)
at org.testng.TestNG.runSuitesSequentially(TestNG.java:1208)
at org.testng.TestNG.runSuitesLocally(TestNG.java:1137)
at org.testng.TestNG.runSuites(TestNG.java:1049)
at org.testng.TestNG.run(TestNG.java:1017)
at org.testng.remote.AbstractRemoteTestNG.run(AbstractRemoteTestNG.java:114)
at org.testng.remote.RemoteTestNG.initAndRun(RemoteTestNG.java:251)
at org.testng.remote.RemoteTestNG.main(RemoteTestNG.java:77)
]]>
            </full-stacktrace>
          </exception> <!-- java.lang.Throwable -->
          <reporter-output>
          </reporter-output>
        </test-method> <!-- view -->
        <test-method status="PASS" signature="Display()[pri:2, instance:com.testPackage_1.TestClass_1_P1@5d5eef3d]" name="Display" duration-ms="0" started-at="2021-03-24T06:57:48Z" finished-at="2021-03-24T06:57:48Z">
          <reporter-output>
          </reporter-output>
        </test-method> <!-- Display -->
        <test-method status="PASS" signature="Display()[pri:2, instance:com.testPackage_1.TestClass_1_P1@5d5eef3d]" name="Display" duration-ms="0" started-at="2021-03-24T06:57:48Z" finished-at="2021-03-24T06:57:48Z">
          <reporter-output>
          </reporter-output>
        </test-method> <!-- Display -->
        <test-method status="PASS" signature="Display()[pri:2, instance:com.testPackage_1.TestClass_1_P1@5d5eef3d]" name="Display" duration-ms="0" started-at="2021-03-24T06:57:48Z" finished-at="2021-03-24T06:57:48Z">
          <reporter-output>
          </reporter-output>
        </test-method> <!-- Display -->
      </class> <!-- com.testPackage_1.TestClass_1_P1 -->
    </test> <!-- Test -->
  </suite> <!-- Suite -->
</testng-results>
